TN:
SF:src\modules\appointments\services\CreateAppointmentService.ts
FN:37,__decorate
FN:37,__metadata
FN:37,__param
FN:37,__awaiter
FN:37,adopt
FN:37,fulfilled
FN:37,rejected
FN:37,step
FN:37,__generator
FN:37,sent
FN:37,g.<computed>
FN:37,verb
FN:37,step
FN:37,__importDefault
FN:14,CreateAppointmentService
FN:19,CreateAppointmentService.execute
FNF:16
FNH:14
FNDA:1,__decorate
FNDA:1,__metadata
FNDA:1,__param
FNDA:3,__awaiter
FNDA:5,adopt
FNDA:5,fulfilled
FNDA:0,rejected
FNDA:7,step
FNDA:3,__generator
FNDA:5,sent
FNDA:0,g.<computed>
FNDA:9,verb
FNDA:8,step
FNDA:1,__importDefault
FNDA:2,CreateAppointmentService
FNDA:3,CreateAppointmentService.execute
DA:1,1
DA:2,1
DA:3,1
DA:4,1
DA:5,1
DA:6,1
DA:7,1
DA:8,1
DA:9,1
DA:10,1
DA:11,1
DA:12,1
DA:13,1
DA:14,1
DA:15,2
DA:16,2
DA:17,2
DA:18,1
DA:19,1
DA:20,3
DA:21,3
DA:22,3
DA:23,3
DA:24,3
DA:25,3
DA:26,1
DA:27,1
DA:28,2
DA:29,2
DA:30,2
DA:31,2
DA:32,2
DA:33,3
DA:34,3
DA:35,3
DA:36,1
DA:37,1
LF:37
LH:37
BRDA:37,0,0,1
BRDA:37,1,0,1
BRDA:37,2,0,0
BRDA:37,3,0,0
BRDA:37,4,0,0
BRDA:37,5,0,0
BRDA:37,6,0,1
BRDA:37,7,0,1
BRDA:37,8,0,1
BRDA:37,9,0,3
BRDA:37,10,0,5
BRDA:37,11,0,0
BRDA:37,12,0,3
BRDA:37,13,0,5
BRDA:37,14,0,4
BRDA:37,15,0,1
BRDA:37,16,0,7
BRDA:37,17,0,2
BRDA:37,18,0,5
BRDA:37,19,0,3
BRDA:37,20,0,5
BRDA:37,21,0,0
BRDA:37,22,0,9
BRDA:37,23,0,8
BRDA:37,24,0,8
BRDA:37,25,0,0
BRDA:37,26,0,16
BRDA:37,27,0,0
BRDA:37,28,0,0
BRDA:37,29,0,0
BRDA:37,30,0,0
BRDA:37,31,0,8
BRDA:37,32,0,8
BRDA:37,33,0,5
BRDA:37,34,0,0
BRDA:37,35,0,0
BRDA:37,36,0,3
BRDA:37,37,0,0
BRDA:37,38,0,2
BRDA:37,39,0,0
BRDA:37,40,0,0
BRDA:37,41,0,0
BRDA:37,42,0,0
BRDA:37,43,0,8
BRDA:37,44,0,7
BRDA:37,45,0,1
BRDA:37,46,0,8
BRDA:37,47,0,3
BRDA:37,48,0,1
BRDA:37,49,0,2
BRDA:37,50,0,0
BRDA:37,51,0,1
BRDA:37,52,0,0
BRDA:13,53,0,1
BRDA:14,54,0,2
BRDA:19,55,0,3
BRDA:37,56,0,3
BRDA:37,57,0,8
BRDA:37,58,0,3
BRDA:37,59,0,3
BRDA:25,60,0,1
BRDA:27,61,0,2
BRDA:37,62,0,2
BRF:63
BRH:43
end_of_record
TN:
SF:src\modules\users\services\AuthenticateUserService.ts
FN:57,__decorate
FN:57,__metadata
FN:57,__param
FN:57,__awaiter
FN:57,adopt
FN:57,fulfilled
FN:57,rejected
FN:57,step
FN:57,__generator
FN:57,sent
FN:57,g.<computed>
FN:57,verb
FN:57,step
FN:57,__importDefault
FN:21,AuthenticateUserService
FN:28,AuthenticateUserService.execute
FNF:16
FNH:14
FNDA:1,__decorate
FNDA:1,__metadata
FNDA:2,__param
FNDA:3,__awaiter
FNDA:3,adopt
FNDA:3,fulfilled
FNDA:0,rejected
FNDA:5,step
FNDA:3,__generator
FNDA:3,sent
FNDA:0,g.<computed>
FNDA:9,verb
FNDA:6,step
FNDA:2,__importDefault
FNDA:3,AuthenticateUserService
FNDA:3,AuthenticateUserService.execute
DA:1,1
DA:2,1
DA:3,1
DA:4,1
DA:5,1
DA:6,1
DA:7,1
DA:8,1
DA:9,1
DA:10,1
DA:11,1
DA:12,1
DA:13,1
DA:14,1
DA:15,1
DA:16,1
DA:17,1
DA:18,1
DA:19,1
DA:20,1
DA:21,1
DA:22,3
DA:23,3
DA:24,3
DA:25,3
DA:26,3
DA:27,1
DA:28,1
DA:29,3
DA:30,3
DA:31,3
DA:32,1
DA:33,1
DA:34,2
DA:35,2
DA:36,2
DA:37,2
DA:38,2
DA:39,2
DA:40,3
DA:41,0
DA:42,0
DA:43,2
DA:44,2
DA:45,2
DA:46,2
DA:47,2
DA:48,2
DA:49,2
DA:50,2
DA:51,2
DA:52,2
DA:53,2
DA:54,2
DA:55,3
DA:56,1
DA:57,1
LF:57
LH:55
BRDA:57,0,0,1
BRDA:57,1,0,1
BRDA:57,2,0,0
BRDA:57,3,0,0
BRDA:57,4,0,0
BRDA:57,5,0,0
BRDA:57,6,0,1
BRDA:57,7,0,2
BRDA:57,8,0,2
BRDA:57,9,0,3
BRDA:57,10,0,3
BRDA:57,11,0,0
BRDA:57,12,0,3
BRDA:57,13,0,3
BRDA:57,14,0,2
BRDA:57,15,0,1
BRDA:57,16,0,5
BRDA:57,17,0,2
BRDA:57,18,0,3
BRDA:57,19,0,3
BRDA:57,20,0,3
BRDA:57,21,0,0
BRDA:57,22,0,9
BRDA:57,23,0,6
BRDA:57,24,0,6
BRDA:57,25,0,0
BRDA:57,26,0,12
BRDA:57,27,0,0
BRDA:57,28,0,0
BRDA:57,29,0,0
BRDA:57,30,0,0
BRDA:57,31,0,6
BRDA:57,32,0,6
BRDA:57,33,0,3
BRDA:57,34,0,0
BRDA:57,35,0,0
BRDA:57,36,0,3
BRDA:57,37,0,0
BRDA:57,38,0,2
BRDA:57,39,0,0
BRDA:57,40,0,0
BRDA:57,41,0,0
BRDA:57,42,0,0
BRDA:57,43,0,6
BRDA:57,44,0,5
BRDA:57,45,0,1
BRDA:57,46,0,6
BRDA:57,47,0,3
BRDA:57,48,0,1
BRDA:57,49,0,2
BRDA:57,50,0,0
BRDA:57,51,0,2
BRDA:57,52,0,0
BRDA:20,53,0,1
BRDA:21,54,0,3
BRDA:28,55,0,3
BRDA:57,56,0,3
BRDA:57,57,0,6
BRDA:29,58,0,3
BRDA:57,59,0,3
BRDA:31,60,0,1
BRDA:33,61,0,2
BRDA:40,62,0,0
BRDA:42,63,0,2
BRF:64
BRH:43
end_of_record
TN:
SF:src\modules\users\services\CreateUserService.ts
FN:41,__decorate
FN:41,__metadata
FN:41,__param
FN:41,__awaiter
FN:41,adopt
FN:41,fulfilled
FN:41,rejected
FN:41,step
FN:41,__generator
FN:41,sent
FN:41,g.<computed>
FN:41,verb
FN:41,step
FN:41,__importDefault
FN:15,CreateUserService
FN:23,CreateUserService.execute
FNF:16
FNH:14
FNDA:2,__decorate
FNDA:2,__metadata
FNDA:4,__param
FNDA:5,__awaiter
FNDA:9,adopt
FNDA:9,fulfilled
FNDA:0,rejected
FNDA:13,step
FNDA:5,__generator
FNDA:9,sent
FNDA:0,g.<computed>
FNDA:15,verb
FNDA:14,step
FNDA:2,__importDefault
FNDA:4,CreateUserService
FNDA:5,CreateUserService.execute
DA:1,1
DA:2,1
DA:3,1
DA:4,1
DA:5,1
DA:6,1
DA:7,1
DA:8,1
DA:9,1
DA:10,1
DA:11,1
DA:12,1
DA:13,1
DA:14,2
DA:15,2
DA:16,4
DA:17,4
DA:18,4
DA:19,4
DA:20,4
DA:21,4
DA:22,2
DA:23,2
DA:24,5
DA:25,5
DA:26,5
DA:27,1
DA:28,1
DA:29,4
DA:30,4
DA:31,5
DA:32,5
DA:33,5
DA:34,5
DA:35,5
DA:36,5
DA:37,5
DA:38,5
DA:39,5
DA:40,2
DA:41,1
LF:41
LH:41
BRDA:41,0,0,2
BRDA:41,1,0,2
BRDA:41,2,0,0
BRDA:41,3,0,0
BRDA:41,4,0,0
BRDA:41,5,0,0
BRDA:41,6,0,2
BRDA:41,7,0,4
BRDA:41,8,0,4
BRDA:41,9,0,5
BRDA:41,10,0,9
BRDA:41,11,0,0
BRDA:41,12,0,5
BRDA:41,13,0,9
BRDA:41,14,0,8
BRDA:41,15,0,1
BRDA:41,16,0,13
BRDA:41,17,0,4
BRDA:41,18,0,9
BRDA:41,19,0,5
BRDA:41,20,0,9
BRDA:41,21,0,0
BRDA:41,22,0,15
BRDA:41,23,0,14
BRDA:41,24,0,14
BRDA:41,25,0,0
BRDA:41,26,0,28
BRDA:41,27,0,0
BRDA:41,28,0,0
BRDA:41,29,0,0
BRDA:41,30,0,0
BRDA:41,31,0,14
BRDA:41,32,0,14
BRDA:41,33,0,9
BRDA:41,34,0,0
BRDA:41,35,0,0
BRDA:41,36,0,5
BRDA:41,37,0,0
BRDA:41,38,0,4
BRDA:41,39,0,0
BRDA:41,40,0,0
BRDA:41,41,0,0
BRDA:41,42,0,0
BRDA:41,43,0,22
BRDA:41,44,0,14
BRDA:41,45,0,13
BRDA:41,46,0,1
BRDA:41,47,0,14
BRDA:41,48,0,5
BRDA:41,49,0,1
BRDA:41,50,0,4
BRDA:41,51,0,0
BRDA:41,52,0,2
BRDA:41,53,0,0
BRDA:14,54,0,2
BRDA:15,55,0,4
BRDA:23,56,0,5
BRDA:41,57,0,5
BRDA:41,58,0,14
BRDA:24,59,0,5
BRDA:41,60,0,5
BRDA:26,61,0,1
BRDA:28,62,0,4
BRDA:41,63,0,4
BRF:64
BRH:44
end_of_record
TN:
SF:src\modules\users\services\ResetPasswordService.ts
FN:51,__decorate
FN:51,__metadata
FN:51,__param
FN:51,__awaiter
FN:51,adopt
FN:51,fulfilled
FN:51,rejected
FN:51,step
FN:51,__generator
FN:51,sent
FN:51,g.<computed>
FN:51,verb
FN:51,step
FN:51,__importDefault
FN:16,SendForgotPasswordEmailService
FN:27,SendForgotPasswordEmailService.execute
FNF:16
FNH:14
FNDA:1,__decorate
FNDA:1,__metadata
FNDA:3,__param
FNDA:4,__awaiter
FNDA:9,adopt
FNDA:9,fulfilled
FNDA:0,rejected
FNDA:10,step
FNDA:4,__generator
FNDA:9,sent
FNDA:0,g.<computed>
FNDA:12,verb
FNDA:13,step
FNDA:1,__importDefault
FNDA:4,SendForgotPasswordEmailService
FNDA:4,SendForgotPasswordEmailService.execute
DA:1,1
DA:2,1
DA:3,1
DA:4,1
DA:5,1
DA:6,1
DA:7,1
DA:8,1
DA:9,1
DA:10,1
DA:11,1
DA:12,1
DA:13,1
DA:14,1
DA:15,1
DA:16,1
DA:17,4
DA:18,4
DA:19,4
DA:20,4
DA:21,4
DA:22,4
DA:23,4
DA:24,4
DA:25,4
DA:26,1
DA:27,1
DA:28,4
DA:29,4
DA:30,4
DA:31,1
DA:32,1
DA:33,3
DA:34,4
DA:35,4
DA:36,1
DA:37,1
DA:38,2
DA:39,2
DA:40,2
DA:41,2
DA:42,4
DA:43,1
DA:44,1
DA:45,1
DA:46,1
DA:47,4
DA:48,4
DA:49,4
DA:50,1
DA:51,1
LF:51
LH:51
BRDA:51,0,0,1
BRDA:51,1,0,1
BRDA:51,2,0,0
BRDA:51,3,0,0
BRDA:51,4,0,0
BRDA:51,5,0,0
BRDA:51,6,0,1
BRDA:51,7,0,3
BRDA:51,8,0,3
BRDA:51,9,0,4
BRDA:51,10,0,9
BRDA:51,11,0,0
BRDA:51,12,0,4
BRDA:51,13,0,9
BRDA:51,14,0,6
BRDA:51,15,0,3
BRDA:51,16,0,10
BRDA:51,17,0,1
BRDA:51,18,0,9
BRDA:51,19,0,4
BRDA:51,20,0,9
BRDA:51,21,0,0
BRDA:51,22,0,12
BRDA:51,23,0,13
BRDA:51,24,0,13
BRDA:51,25,0,0
BRDA:51,26,0,26
BRDA:51,27,0,0
BRDA:51,28,0,0
BRDA:51,29,0,0
BRDA:51,30,0,0
BRDA:51,31,0,13
BRDA:51,32,0,13
BRDA:51,33,0,9
BRDA:51,34,0,0
BRDA:51,35,0,0
BRDA:51,36,0,4
BRDA:51,37,0,0
BRDA:51,38,0,1
BRDA:51,39,0,0
BRDA:51,40,0,0
BRDA:51,41,0,0
BRDA:51,42,0,0
BRDA:51,43,0,13
BRDA:51,44,0,10
BRDA:51,45,0,3
BRDA:51,46,0,13
BRDA:51,47,0,4
BRDA:51,48,0,3
BRDA:51,49,0,1
BRDA:51,50,0,0
BRDA:51,51,0,1
BRDA:51,52,0,0
BRDA:15,53,0,1
BRDA:16,54,0,4
BRDA:27,55,0,4
BRDA:51,56,0,4
BRDA:51,57,0,13
BRDA:28,58,0,4
BRDA:51,59,0,4
BRDA:30,60,0,1
BRDA:32,61,0,3
BRDA:51,62,0,3
BRDA:35,63,0,1
BRDA:37,64,0,2
BRDA:42,65,0,1
BRDA:51,66,0,1
BRDA:51,67,0,1
BRF:68
BRH:48
end_of_record
TN:
SF:src\modules\users\services\SendForgotPasswordEmailService.ts
FN:40,__decorate
FN:40,__metadata
FN:40,__param
FN:40,__awaiter
FN:40,adopt
FN:40,fulfilled
FN:40,rejected
FN:40,step
FN:40,__generator
FN:40,sent
FN:40,g.<computed>
FN:40,verb
FN:40,step
FN:40,__importDefault
FN:15,SendForgotPasswordEmailService
FN:26,SendForgotPasswordEmailService.execute
FNF:16
FNH:14
FNDA:1,__decorate
FNDA:1,__metadata
FNDA:3,__param
FNDA:3,__awaiter
FNDA:5,adopt
FNDA:5,fulfilled
FNDA:0,rejected
FNDA:7,step
FNDA:3,__generator
FNDA:5,sent
FNDA:0,g.<computed>
FNDA:9,verb
FNDA:8,step
FNDA:1,__importDefault
FNDA:3,SendForgotPasswordEmailService
FNDA:3,SendForgotPasswordEmailService.execute
DA:1,1
DA:2,1
DA:3,1
DA:4,1
DA:5,1
DA:6,1
DA:7,1
DA:8,1
DA:9,1
DA:10,1
DA:11,1
DA:12,1
DA:13,1
DA:14,1
DA:15,1
DA:16,3
DA:17,3
DA:18,3
DA:19,3
DA:20,3
DA:21,3
DA:22,3
DA:23,3
DA:24,3
DA:25,1
DA:26,1
DA:27,3
DA:28,3
DA:29,3
DA:30,1
DA:31,1
DA:32,2
DA:33,3
DA:34,3
DA:35,3
DA:36,3
DA:37,3
DA:38,3
DA:39,1
DA:40,1
LF:40
LH:40
BRDA:40,0,0,1
BRDA:40,1,0,1
BRDA:40,2,0,0
BRDA:40,3,0,0
BRDA:40,4,0,0
BRDA:40,5,0,0
BRDA:40,6,0,1
BRDA:40,7,0,3
BRDA:40,8,0,3
BRDA:40,9,0,3
BRDA:40,10,0,5
BRDA:40,11,0,0
BRDA:40,12,0,3
BRDA:40,13,0,5
BRDA:40,14,0,4
BRDA:40,15,0,1
BRDA:40,16,0,7
BRDA:40,17,0,2
BRDA:40,18,0,5
BRDA:40,19,0,3
BRDA:40,20,0,5
BRDA:40,21,0,0
BRDA:40,22,0,9
BRDA:40,23,0,8
BRDA:40,24,0,8
BRDA:40,25,0,0
BRDA:40,26,0,16
BRDA:40,27,0,0
BRDA:40,28,0,0
BRDA:40,29,0,0
BRDA:40,30,0,0
BRDA:40,31,0,8
BRDA:40,32,0,8
BRDA:40,33,0,5
BRDA:40,34,0,0
BRDA:40,35,0,0
BRDA:40,36,0,3
BRDA:40,37,0,0
BRDA:40,38,0,2
BRDA:40,39,0,0
BRDA:40,40,0,0
BRDA:40,41,0,0
BRDA:40,42,0,0
BRDA:40,43,0,8
BRDA:40,44,0,7
BRDA:40,45,0,1
BRDA:40,46,0,8
BRDA:40,47,0,3
BRDA:40,48,0,1
BRDA:40,49,0,2
BRDA:40,50,0,0
BRDA:40,51,0,1
BRDA:40,52,0,0
BRDA:14,53,0,1
BRDA:15,54,0,3
BRDA:26,55,0,3
BRDA:40,56,0,3
BRDA:40,57,0,8
BRDA:27,58,0,3
BRDA:40,59,0,3
BRDA:29,60,0,1
BRDA:31,61,0,2
BRDA:40,62,0,2
BRF:63
BRH:43
end_of_record
TN:
SF:src\modules\users\services\UpdateUserAvatarService.ts
FN:41,__decorate
FN:41,__metadata
FN:41,__param
FN:41,__awaiter
FN:41,adopt
FN:41,fulfilled
FN:41,rejected
FN:41,step
FN:41,__generator
FN:41,sent
FN:41,g.<computed>
FN:41,verb
FN:41,step
FN:41,__importDefault
FN:15,UpdateUserAvatarService
FN:23,UpdateUserAvatarService.execute
FNF:16
FNH:14
FNDA:1,__decorate
FNDA:1,__metadata
FNDA:2,__param
FNDA:4,__awaiter
FNDA:11,adopt
FNDA:11,fulfilled
FNDA:0,rejected
FNDA:14,step
FNDA:4,__generator
FNDA:11,sent
FNDA:0,g.<computed>
FNDA:12,verb
FNDA:15,step
FNDA:1,__importDefault
FNDA:3,UpdateUserAvatarService
FNDA:4,UpdateUserAvatarService.execute
DA:1,1
DA:2,1
DA:3,1
DA:4,1
DA:5,1
DA:6,1
DA:7,1
DA:8,1
DA:9,1
DA:10,1
DA:11,1
DA:12,1
DA:13,1
DA:14,1
DA:15,1
DA:16,3
DA:17,3
DA:18,3
DA:19,3
DA:20,3
DA:21,3
DA:22,1
DA:23,1
DA:24,4
DA:25,4
DA:26,1
DA:27,1
DA:28,3
DA:29,3
DA:30,1
DA:31,4
DA:32,4
DA:33,4
DA:34,4
DA:35,4
DA:36,4
DA:37,4
DA:38,4
DA:39,4
DA:40,1
DA:41,1
LF:41
LH:41
BRDA:41,0,0,1
BRDA:41,1,0,1
BRDA:41,2,0,0
BRDA:41,3,0,0
BRDA:41,4,0,0
BRDA:41,5,0,0
BRDA:41,6,0,1
BRDA:41,7,0,2
BRDA:41,8,0,2
BRDA:41,9,0,4
BRDA:41,10,0,11
BRDA:41,11,0,0
BRDA:41,12,0,4
BRDA:41,13,0,11
BRDA:41,14,0,10
BRDA:41,15,0,1
BRDA:41,16,0,14
BRDA:41,17,0,3
BRDA:41,18,0,11
BRDA:41,19,0,4
BRDA:41,20,0,11
BRDA:41,21,0,0
BRDA:41,22,0,12
BRDA:41,23,0,15
BRDA:41,24,0,15
BRDA:41,25,0,0
BRDA:41,26,0,32
BRDA:41,27,0,0
BRDA:41,28,0,0
BRDA:41,29,0,0
BRDA:41,30,0,0
BRDA:41,31,0,15
BRDA:41,32,0,15
BRDA:41,33,0,11
BRDA:41,34,0,0
BRDA:41,35,0,0
BRDA:41,36,0,6
BRDA:41,37,0,0
BRDA:41,38,0,5
BRDA:41,39,0,4
BRDA:41,40,0,2
BRDA:41,41,0,0
BRDA:41,42,0,2
BRDA:41,43,0,0
BRDA:41,44,0,0
BRDA:41,45,0,0
BRDA:41,46,0,17
BRDA:41,47,0,16
BRDA:41,48,0,1
BRDA:41,49,0,17
BRDA:41,50,0,4
BRDA:41,51,0,1
BRDA:41,52,0,3
BRDA:41,53,0,0
BRDA:41,54,0,1
BRDA:41,55,0,0
BRDA:14,56,0,1
BRDA:15,57,0,3
BRDA:23,58,0,4
BRDA:41,59,0,4
BRDA:41,60,0,17
BRDA:24,61,0,4
BRDA:41,62,0,4
BRDA:25,63,0,1
BRDA:27,64,0,3
BRDA:29,65,0,2
BRDA:29,66,0,1
BRDA:41,67,0,1
BRDA:33,68,0,3
BRDA:41,69,0,3
BRDA:41,70,0,3
BRF:71
BRH:51
end_of_record
